[2025-10-22 15:44:58] INFO - ChunkHandler: Selected CSV splitter.
[2025-10-22 15:44:58] INFO - ChunkHandler: 🧩 Using CSV chunking strategy.
[2025-10-22 15:44:58] INFO - ChunkHandler: 📊 CSV grouped into 5 chunks (each ~2 rows).
[2025-10-22 15:48:03] INFO - ChunkHandler: Selected CSV splitter.
[2025-10-22 15:48:03] INFO - ChunkHandler: 🧩 Using CSV chunking strategy.
[2025-10-22 15:48:03] INFO - ChunkHandler: 📊 CSV grouped into 5 chunks (each ~2 rows).
[2025-10-22 15:50:46] INFO - ChunkHandler: Selected CSV splitter.
[2025-10-22 15:50:46] INFO - ChunkHandler: 🧩 Using CSV chunking strategy.
[2025-10-22 15:50:46] INFO - ChunkHandler: 📊 CSV grouped into 5 chunks (each ~2 rows).
[2025-10-22 16:04:38] INFO - ChunkHandler: Selected CSV splitter.
[2025-10-22 16:04:38] INFO - ChunkHandler: 🧩 Using CSV chunking strategy.
[2025-10-22 16:04:38] INFO - ChunkHandler: 📊 CSV grouped into 5 chunks (each ~2 rows).
[2025-10-22 16:05:37] INFO - ChunkHandler: Selected CSV splitter.
[2025-10-22 16:05:37] INFO - ChunkHandler: 🧩 Using CSV chunking strategy.
[2025-10-22 16:05:37] INFO - ChunkHandler: 📊 CSV grouped into 5 chunks (each ~2 rows).
[2025-10-22 16:06:20] INFO - ChunkHandler: Selected CSV splitter.
[2025-10-22 16:06:20] INFO - ChunkHandler: 🧩 Using CSV chunking strategy.
[2025-10-22 16:06:20] INFO - ChunkHandler: 📊 CSV grouped into 5 chunks (each ~2 rows).
[2025-10-22 16:16:35] INFO - ChunkHandler: Selected CSV splitter.
[2025-10-22 16:16:35] INFO - ChunkHandler: 🧩 Using CSV chunking strategy.
[2025-10-22 16:16:35] INFO - ChunkHandler: 📊 CSV grouped into 5 chunks (each ~2 rows).
[2025-10-22 16:16:45] INFO - ChunkHandler: Selected CSV splitter.
[2025-10-22 16:16:45] INFO - ChunkHandler: 🧩 Using CSV chunking strategy.
[2025-10-22 16:16:45] INFO - ChunkHandler: 📊 CSV grouped into 5 chunks (each ~2 rows).
[2025-10-22 16:17:12] INFO - ChunkHandler: Selected CSV splitter.
[2025-10-22 16:17:12] INFO - ChunkHandler: 🧩 Using CSV chunking strategy.
[2025-10-22 16:17:12] INFO - ChunkHandler: 📊 CSV grouped into 5 chunks (each ~2 rows).
[2025-10-22 16:17:12] INFO - ChunkHandler: Selected CSV splitter.
[2025-10-22 16:17:12] INFO - ChunkHandler: 🧩 Using CSV chunking strategy.
[2025-10-22 16:17:12] INFO - ChunkHandler: 📊 CSV grouped into 5 chunks (each ~2 rows).
[2025-10-22 16:19:55] INFO - ChunkHandler: Selected CSV splitter.
[2025-10-22 16:19:55] INFO - ChunkHandler: 🧩 Using CSV chunking strategy.
[2025-10-22 16:19:55] INFO - ChunkHandler: 📊 CSV grouped into 5 chunks (each ~2 rows).
[2025-10-22 16:20:16] INFO - ChunkHandler: Selected CSV splitter.
[2025-10-22 16:20:16] INFO - ChunkHandler: 🧩 Using CSV chunking strategy.
[2025-10-22 16:20:16] INFO - ChunkHandler: 📊 CSV grouped into 5 chunks (each ~2 rows).
[2025-10-22 16:20:21] INFO - ChunkHandler: Selected CSV splitter.
[2025-10-22 16:20:21] INFO - ChunkHandler: 🧩 Using CSV chunking strategy.
[2025-10-22 16:20:21] INFO - ChunkHandler: 📊 CSV grouped into 5 chunks (each ~2 rows).
[2025-10-22 16:20:34] INFO - ChunkHandler: Selected CSV splitter.
[2025-10-22 16:20:34] INFO - ChunkHandler: 🧩 Using CSV chunking strategy.
[2025-10-22 16:20:34] INFO - ChunkHandler: 📊 CSV grouped into 5 chunks (each ~2 rows).
[2025-10-22 16:21:23] INFO - ChunkHandler: Selected CSV splitter.
[2025-10-22 16:21:23] INFO - ChunkHandler: 🧩 Using CSV chunking strategy.
[2025-10-22 16:21:23] INFO - ChunkHandler: 📊 CSV grouped into 5 chunks (each ~2 rows).
[2025-10-22 16:21:30] INFO - ChunkHandler: Selected CSV splitter.
[2025-10-22 16:21:30] INFO - ChunkHandler: 🧩 Using CSV chunking strategy.
[2025-10-22 16:21:30] INFO - ChunkHandler: 📊 CSV grouped into 5 chunks (each ~2 rows).
[2025-10-22 16:21:43] INFO - ChunkHandler: Selected CSV splitter.
[2025-10-22 16:21:43] INFO - ChunkHandler: 🧩 Using CSV chunking strategy.
[2025-10-22 16:21:43] INFO - ChunkHandler: 📊 CSV grouped into 5 chunks (each ~2 rows).
[2025-10-22 16:21:50] INFO - ChunkHandler: Selected CSV splitter.
[2025-10-22 16:21:50] INFO - ChunkHandler: 🧩 Using CSV chunking strategy.
[2025-10-22 16:21:50] INFO - ChunkHandler: 📊 CSV grouped into 5 chunks (each ~2 rows).
[2025-10-22 16:22:14] INFO - ChunkHandler: Selected CSV splitter.
[2025-10-22 16:22:14] INFO - ChunkHandler: 🧩 Using CSV chunking strategy.
[2025-10-22 16:22:14] INFO - ChunkHandler: 📊 CSV grouped into 5 chunks (each ~2 rows).
[2025-10-22 16:22:20] INFO - ChunkHandler: Selected CSV splitter.
[2025-10-22 16:22:20] INFO - ChunkHandler: 🧩 Using CSV chunking strategy.
[2025-10-22 16:22:20] INFO - ChunkHandler: 📊 CSV grouped into 5 chunks (each ~2 rows).
[2025-10-22 16:23:01] INFO - ChunkHandler: Selected CSV splitter.
[2025-10-22 16:23:01] INFO - ChunkHandler: 🧩 Using CSV chunking strategy.
[2025-10-22 16:23:01] INFO - ChunkHandler: 📊 CSV grouped into 5 chunks (each ~2 rows).
[2025-10-22 16:23:06] INFO - ChunkHandler: Selected CSV splitter.
[2025-10-22 16:23:06] INFO - ChunkHandler: 🧩 Using CSV chunking strategy.
[2025-10-22 16:23:06] INFO - ChunkHandler: 📊 CSV grouped into 5 chunks (each ~2 rows).
[2025-10-22 16:23:55] INFO - ChunkHandler: Selected CSV splitter.
[2025-10-22 16:23:55] INFO - ChunkHandler: 🧩 Using CSV chunking strategy.
[2025-10-22 16:23:55] INFO - ChunkHandler: 📊 CSV grouped into 5 chunks (each ~2 rows).
[2025-10-22 16:23:55] INFO - ChunkHandler: Selected CSV splitter.
[2025-10-22 16:23:55] INFO - ChunkHandler: 🧩 Using CSV chunking strategy.
[2025-10-22 16:23:55] INFO - ChunkHandler: 📊 CSV grouped into 5 chunks (each ~2 rows).
[2025-10-22 16:24:22] INFO - ChunkHandler: Selected CSV splitter.
[2025-10-22 16:24:22] INFO - ChunkHandler: 🧩 Using CSV chunking strategy.
[2025-10-22 16:24:22] INFO - ChunkHandler: 📊 CSV grouped into 5 chunks (each ~2 rows).
[2025-10-22 16:24:22] INFO - ChunkHandler: Selected CSV splitter.
[2025-10-22 16:24:22] INFO - ChunkHandler: 🧩 Using CSV chunking strategy.
[2025-10-22 16:24:22] INFO - ChunkHandler: 📊 CSV grouped into 5 chunks (each ~2 rows).
[2025-10-22 16:24:39] INFO - ChunkHandler: Selected CSV splitter.
[2025-10-22 16:24:39] INFO - ChunkHandler: 🧩 Using CSV chunking strategy.
[2025-10-22 16:24:39] INFO - ChunkHandler: 📊 CSV grouped into 5 chunks (each ~2 rows).
[2025-10-22 16:24:39] INFO - ChunkHandler: Selected CSV splitter.
[2025-10-22 16:24:39] INFO - ChunkHandler: 🧩 Using CSV chunking strategy.
[2025-10-22 16:24:39] INFO - ChunkHandler: 📊 CSV grouped into 5 chunks (each ~2 rows).
[2025-10-22 16:24:59] INFO - ChunkHandler: Selected CSV splitter.
[2025-10-22 16:24:59] INFO - ChunkHandler: 🧩 Using CSV chunking strategy.
[2025-10-22 16:24:59] INFO - ChunkHandler: 📊 CSV grouped into 5 chunks (each ~2 rows).
[2025-10-22 16:24:59] INFO - ChunkHandler: Selected CSV splitter.
[2025-10-22 16:24:59] INFO - ChunkHandler: 🧩 Using CSV chunking strategy.
[2025-10-22 16:24:59] INFO - ChunkHandler: 📊 CSV grouped into 5 chunks (each ~2 rows).
[2025-10-22 16:25:16] INFO - ChunkHandler: Selected CSV splitter.
[2025-10-22 16:25:16] INFO - ChunkHandler: 🧩 Using CSV chunking strategy.
[2025-10-22 16:25:16] INFO - ChunkHandler: 📊 CSV grouped into 5 chunks (each ~2 rows).
[2025-10-22 16:32:09] INFO - ChunkHandler: Selected CSV splitter.
[2025-10-22 16:32:09] INFO - ChunkHandler: 🧩 Using CSV chunking strategy.
[2025-10-22 16:32:09] INFO - ChunkHandler: 📊 CSV grouped into 5 chunks (each ~2 rows).
[2025-10-22 16:32:58] INFO - ChunkHandler: Selected CSV splitter.
[2025-10-22 16:32:58] INFO - ChunkHandler: 🧩 Using CSV chunking strategy.
[2025-10-22 16:32:58] INFO - ChunkHandler: 📊 CSV grouped into 5 chunks (each ~2 rows).
[2025-10-22 16:33:19] INFO - ChunkHandler: Selected CSV splitter.
[2025-10-22 16:33:19] INFO - ChunkHandler: 🧩 Using CSV chunking strategy.
[2025-10-22 16:33:19] INFO - ChunkHandler: 📊 CSV grouped into 5 chunks (each ~2 rows).
[2025-10-22 16:33:32] INFO - ChunkHandler: Selected CSV splitter.
[2025-10-22 16:33:32] INFO - ChunkHandler: 🧩 Using CSV chunking strategy.
[2025-10-22 16:33:32] INFO - ChunkHandler: 📊 CSV grouped into 5 chunks (each ~2 rows).
[2025-10-22 16:37:28] INFO - ChunkHandler: Selected CSV splitter.
[2025-10-22 16:37:28] INFO - ChunkHandler: 🧩 Using CSV chunking strategy.
[2025-10-22 16:37:28] INFO - ChunkHandler: 📊 CSV grouped into 5 chunks (each ~2 rows).
[2025-10-22 16:46:27] INFO - ChunkHandler: Selected CSV splitter.
[2025-10-22 16:46:27] INFO - ChunkHandler: 🧩 Using CSV chunking strategy.
[2025-10-22 16:46:27] INFO - ChunkHandler: 📊 CSV grouped into 9104 chunks (each ~2 rows).
[2025-10-22 17:11:48] INFO - ChunkHandler: Selected CSV splitter.
[2025-10-22 17:11:48] INFO - ChunkHandler: 🧩 Using CSV chunking strategy.
[2025-10-22 17:11:48] INFO - ChunkHandler: 📊 CSV grouped into 12 chunks (each ~2 rows).
[2025-10-22 17:12:42] INFO - ChunkHandler: Selected CSV splitter.
[2025-10-22 17:12:42] INFO - ChunkHandler: 🧩 Using CSV chunking strategy.
[2025-10-22 17:12:42] INFO - ChunkHandler: 📊 CSV grouped into 12 chunks (each ~2 rows).
[2025-10-22 17:13:04] INFO - ChunkHandler: Selected CSV splitter.
[2025-10-22 17:13:04] INFO - ChunkHandler: 🧩 Using CSV chunking strategy.
[2025-10-22 17:13:04] INFO - ChunkHandler: 📊 CSV grouped into 12 chunks (each ~2 rows).
[2025-10-22 17:16:21] INFO - ChunkHandler: Selected CSV splitter.
[2025-10-22 17:16:21] INFO - ChunkHandler: 🧩 Using CSV chunking strategy.
[2025-10-22 17:16:21] INFO - ChunkHandler: 📊 CSV grouped into 12 chunks (each ~2 rows).
[2025-10-22 17:16:43] INFO - ChunkHandler: Selected CSV splitter.
[2025-10-22 17:16:43] INFO - ChunkHandler: 🧩 Using CSV chunking strategy.
[2025-10-22 17:16:43] INFO - ChunkHandler: 📊 CSV grouped into 12 chunks (each ~2 rows).
[2025-10-22 17:17:06] INFO - ChunkHandler: Selected CSV splitter.
[2025-10-22 17:17:06] INFO - ChunkHandler: 🧩 Using CSV chunking strategy.
[2025-10-22 17:17:06] INFO - ChunkHandler: 📊 CSV grouped into 12 chunks (each ~2 rows).
[2025-10-22 17:17:42] INFO - ChunkHandler: Selected CSV splitter.
[2025-10-22 17:17:42] INFO - ChunkHandler: 🧩 Using CSV chunking strategy.
[2025-10-22 17:17:42] INFO - ChunkHandler: 📊 CSV grouped into 12 chunks (each ~2 rows).
[2025-10-22 17:18:22] INFO - ChunkHandler: Selected CSV splitter.
[2025-10-22 17:18:22] INFO - ChunkHandler: 🧩 Using CSV chunking strategy.
[2025-10-22 17:18:22] INFO - ChunkHandler: 📊 CSV grouped into 12 chunks (each ~2 rows).
[2025-10-22 17:19:19] INFO - ChunkHandler: Selected CSV splitter.
[2025-10-22 17:19:19] INFO - ChunkHandler: 🧩 Using CSV chunking strategy.
[2025-10-22 17:19:19] INFO - ChunkHandler: 📊 CSV grouped into 12 chunks (each ~2 rows).
[2025-10-22 17:21:39] INFO - ChunkHandler: Selected CSV splitter.
[2025-10-22 17:21:39] INFO - ChunkHandler: 🧩 Using CSV chunking strategy.
[2025-10-22 17:21:39] INFO - ChunkHandler: 📊 CSV grouped into 12 chunks (each ~2 rows).
[2025-10-22 17:22:34] INFO - ChunkHandler: Selected CSV splitter.
[2025-10-22 17:22:34] INFO - ChunkHandler: 🧩 Using CSV chunking strategy.
[2025-10-22 17:22:34] INFO - ChunkHandler: 📊 CSV grouped into 12 chunks (each ~2 rows).
[2025-10-22 17:24:10] INFO - ChunkHandler: Selected CSV splitter.
[2025-10-22 17:24:10] INFO - ChunkHandler: 🧩 Using CSV chunking strategy.
[2025-10-22 17:24:10] INFO - ChunkHandler: 📊 CSV grouped into 12 chunks (each ~2 rows).
[2025-10-22 17:25:09] INFO - ChunkHandler: Selected CSV splitter.
[2025-10-22 17:25:09] INFO - ChunkHandler: 🧩 Using CSV chunking strategy.
[2025-10-22 17:25:09] INFO - ChunkHandler: 📊 CSV grouped into 12 chunks (each ~2 rows).
[2025-10-22 17:26:14] INFO - ChunkHandler: Selected CSV splitter.
[2025-10-22 17:26:14] INFO - ChunkHandler: 🧩 Using CSV chunking strategy.
[2025-10-22 17:26:14] INFO - ChunkHandler: 📊 CSV grouped into 12 chunks (each ~2 rows).
[2025-10-22 17:27:03] INFO - ChunkHandler: Selected CSV splitter.
[2025-10-22 17:27:03] INFO - ChunkHandler: 🧩 Using CSV chunking strategy.
[2025-10-22 17:27:03] INFO - ChunkHandler: 📊 CSV grouped into 12 chunks (each ~2 rows).
[2025-10-22 17:41:17] INFO - ChunkHandler: Selected PDF splitter.
[2025-10-22 17:41:17] INFO - ChunkHandler: Initializing RecursiveCharacterTextSplitter for PDF.
[2025-10-22 17:41:17] INFO - ChunkHandler: 📘 Using text splitter for PDF or text-like content.
[2025-10-22 17:41:47] INFO - ChunkHandler: Selected PDF splitter.
[2025-10-22 17:41:47] INFO - ChunkHandler: Initializing RecursiveCharacterTextSplitter for PDF.
[2025-10-22 17:41:47] INFO - ChunkHandler: 📘 Using text splitter for PDF or text-like content.
[2025-10-22 17:42:14] INFO - ChunkHandler: Selected PDF splitter.
[2025-10-22 17:42:14] INFO - ChunkHandler: Initializing RecursiveCharacterTextSplitter for PDF.
[2025-10-22 17:42:14] INFO - ChunkHandler: 📘 Using text splitter for PDF or text-like content.
[2025-10-22 17:42:48] INFO - ChunkHandler: Selected PDF splitter.
[2025-10-22 17:42:48] INFO - ChunkHandler: Initializing RecursiveCharacterTextSplitter for PDF.
[2025-10-22 17:42:48] INFO - ChunkHandler: 📘 Using text splitter for PDF or text-like content.
[2025-10-22 17:43:19] INFO - ChunkHandler: Selected CSV splitter.
[2025-10-22 17:43:19] INFO - ChunkHandler: 🧩 Using CSV chunking strategy.
[2025-10-22 17:43:19] INFO - ChunkHandler: 📊 CSV grouped into 5 chunks (each ~2 rows).
[2025-10-22 17:43:52] INFO - ChunkHandler: Selected CSV splitter.
[2025-10-22 17:43:52] INFO - ChunkHandler: 🧩 Using CSV chunking strategy.
[2025-10-22 17:43:52] INFO - ChunkHandler: 📊 CSV grouped into 5 chunks (each ~2 rows).
[2025-10-22 17:44:09] INFO - ChunkHandler: Selected CSV splitter.
[2025-10-22 17:44:09] INFO - ChunkHandler: 🧩 Using CSV chunking strategy.
[2025-10-22 17:44:09] INFO - ChunkHandler: 📊 CSV grouped into 5 chunks (each ~2 rows).
[2025-10-22 17:44:52] INFO - ChunkHandler: Selected CSV splitter.
[2025-10-22 17:44:52] INFO - ChunkHandler: 🧩 Using CSV chunking strategy.
[2025-10-22 17:44:52] INFO - ChunkHandler: 📊 CSV grouped into 5 chunks (each ~2 rows).
[2025-10-22 17:45:11] INFO - ChunkHandler: Selected CSV splitter.
[2025-10-22 17:45:11] INFO - ChunkHandler: 🧩 Using CSV chunking strategy.
[2025-10-22 17:45:11] INFO - ChunkHandler: 📊 CSV grouped into 5 chunks (each ~2 rows).
